<?xml version="1.0" encoding="UTF-8"?>
<beans xmlns="http://www.springframework.org/schema/beans"
	xmlns:xsi="http://www.w3.org/2001/XMLSchema-instance"
	xsi:schemaLocation="http://www.springframework.org/schema/beans
						http://www.springframework.org/schema/beans/spring-beans-3.0.xsd">

	<import resource="classpath:applicationContext-db.xml"/>
	<import resource="classpath:applicationContext-hibernate.xml"/>
<!-- 	<import resource="classpath:applicationContext-guiControllers.xml"/> -->
<!-- 	<import resource="classpath:applicationContext-guiServices.xml"/> -->
	<import resource="classpath:customize-applicationContext.xml"/>
<!-- 	<import resource="classpath:springSecurityContext.xml"/> -->
<!-- 	<import resource="performance-db-logging.xml"/> -->
	
</beans>